Using pre-set license
Built from '2020.3/staging' branch; Version is '2020.3.28f1 (f5400f52e03f) revision 16072719'; Using compiler version '192528614'; Build Type 'Release'
OS: 'Windows 11  (10.0.22000) 64bit Core' Language: 'ko' Physical Memory: 8052 MB
BatchMode: 1, IsHumanControllingUs: 0, StartBugReporterOnCrash: 0, Is64bit: 1, IsPro: 0

COMMAND LINE ARGUMENTS:
C:\Users\dlthd\OneDrive\바탕 화면\unity\2020.3.28f1\Editor\Unity.exe
-adb2
-batchMode
-noUpm
-name
AssetImportWorker0
-projectPath
C:/Users/dlthd/Downloads/알로키친/RyHJ0707/0708HungryJimmy
-logFile
Logs/AssetImportWorker0.log
-srvPort
61314
Successfully changed project path to: C:/Users/dlthd/Downloads/알로키친/RyHJ0707/0708HungryJimmy
C:/Users/dlthd/Downloads/알로키친/RyHJ0707/0708HungryJimmy
Using Asset Import Pipeline V2.
Refreshing native plugins compatible for Editor in 76.25 ms, found 2 plugins.
Preloading 0 native plugins for Editor in 0.00 ms.
Initialize engine version: 2020.3.28f1 (f5400f52e03f)
[Subsystems] Discovering subsystems at path C:/Users/dlthd/OneDrive/바탕 화면/unity/2020.3.28f1/Editor/Data/Resources/UnitySubsystems
[Subsystems] Discovering subsystems at path C:/Users/dlthd/Downloads/알로키친/RyHJ0707/0708HungryJimmy/Assets
GfxDevice: creating device client; threaded=0
Direct3D:
    Version:  Direct3D 11.0 [level 11.1]
    Renderer: Intel(R) UHD Graphics 620 (ID=0x3ea0)
    Vendor:   
    VRAM:     4026 MB
    Driver:   25.20.100.6471
Shader 'Custom/RainShader': fallback shader 'Particles/Alpha Blended' not found
Initialize mono
Mono path[0] = 'C:/Users/dlthd/OneDrive/바탕 화면/unity/2020.3.28f1/Editor/Data/Managed'
Mono path[1] = 'C:/Users/dlthd/OneDrive/바탕 화면/unity/2020.3.28f1/Editor/Data/MonoBleedingEdge/lib/mono/unityjit'
Mono config path = 'C:/Users/dlthd/OneDrive/바탕 화면/unity/2020.3.28f1/Editor/Data/MonoBleedingEdge/etc'
Using monoOptions --debugger-agent=transport=dt_socket,embedding=1,server=y,suspend=n,address=127.0.0.1:56692
Begin MonoManager ReloadAssembly
Registering precompiled unity dll's ...
Register platform support module: C:/Users/dlthd/OneDrive/바탕 화면/unity/2020.3.28f1/Editor/Data/PlaybackEngines/WindowsStandaloneSupport/UnityEditor.WindowsStandalone.Extensions.dll
Registered in 0.004253 seconds.
Native extension for WindowsStandalone target not found
Refreshing native plugins compatible for Editor in 59.89 ms, found 2 plugins.
Preloading 0 native plugins for Editor in 0.00 ms.
Mono: successfully reloaded assembly
- Completed reload, in  0.833 seconds
Domain Reload Profiling:
	ReloadAssembly (833ms)
		BeginReloadAssembly (123ms)
			ExecutionOrderSort (0ms)
			DisableScriptedObjects (0ms)
			BackupInstance (0ms)
			ReleaseScriptingObjects (0ms)
			CreateAndSetChildDomain (1ms)
		EndReloadAssembly (608ms)
			LoadAssemblies (119ms)
			RebuildTransferFunctionScriptingTraits (0ms)
			SetupTypeCache (207ms)
			ReleaseScriptCaches (0ms)
			RebuildScriptCaches (38ms)
			SetupLoadedEditorAssemblies (200ms)
				LogAssemblyErrors (0ms)
				InitializePlatformSupportModulesInManaged (5ms)
				SetLoadedEditorAssemblies (0ms)
				RefreshPlugins (60ms)
				BeforeProcessingInitializeOnLoad (14ms)
				ProcessInitializeOnLoadAttributes (89ms)
				ProcessInitializeOnLoadMethodAttributes (32ms)
				AfterProcessingInitializeOnLoad (0ms)
				EditorAssembliesLoaded (0ms)
			ExecutionOrderSort2 (0ms)
			AwakeInstancesAfterBackupRestoration (0ms)
Platform modules already initialized, skipping
Registering precompiled user dll's ...
Registered in 0.008162 seconds.
Begin MonoManager ReloadAssembly
Native extension for WindowsStandalone target not found
Refreshing native plugins compatible for Editor in 0.80 ms, found 2 plugins.
Preloading 0 native plugins for Editor in 0.00 ms.
Mono: successfully reloaded assembly
- Completed reload, in  2.406 seconds
Domain Reload Profiling:
	ReloadAssembly (2406ms)
		BeginReloadAssembly (214ms)
			ExecutionOrderSort (0ms)
			DisableScriptedObjects (5ms)
			BackupInstance (0ms)
			ReleaseScriptingObjects (0ms)
			CreateAndSetChildDomain (25ms)
		EndReloadAssembly (2119ms)
			LoadAssemblies (402ms)
			RebuildTransferFunctionScriptingTraits (0ms)
			SetupTypeCache (356ms)
			ReleaseScriptCaches (1ms)
			RebuildScriptCaches (45ms)
			SetupLoadedEditorAssemblies (1251ms)
				LogAssemblyErrors (0ms)
				InitializePlatformSupportModulesInManaged (5ms)
				SetLoadedEditorAssemblies (1ms)
				RefreshPlugins (1ms)
				BeforeProcessingInitializeOnLoad (114ms)
				ProcessInitializeOnLoadAttributes (218ms)
				ProcessInitializeOnLoadMethodAttributes (901ms)
				AfterProcessingInitializeOnLoad (11ms)
				EditorAssembliesLoaded (0ms)
			ExecutionOrderSort2 (0ms)
			AwakeInstancesAfterBackupRestoration (7ms)
Platform modules already initialized, skipping
========================================================================
Worker process is ready to serve import requests
Shader 'Custom/RainShader': fallback shader 'Particles/Alpha Blended' not found
Launched and connected shader compiler UnityShaderCompiler.exe after 0.08 seconds
Refreshing native plugins compatible for Editor in 0.55 ms, found 2 plugins.
Preloading 0 native plugins for Editor in 0.00 ms.
Unloading 1617 Unused Serialized files (Serialized files now loaded: 0)
System memory in use before: 76.2 MB.
System memory in use after: 76.2 MB.

Unloading 20 unused Assets to reduce memory usage. Loaded Objects now: 2053.
Total: 2.929800 ms (FindLiveObjects: 0.155600 ms CreateObjectMapping: 0.059400 ms MarkObjects: 2.648400 ms  DeleteObjects: 0.065500 ms)

AssetImportParameters requested are different than current active one (requested -> active):
  custom:framework-win-MediaFoundation: 216162199b28c13a410421893ffa2e32 -> 
  custom:video-decoder-ogg-theora: a1e56fd34408186e4bbccfd4996cb3dc -> 
  custom:container-muxer-webm: aa71ff27fc2769a1b78a27578f13a17b -> 
  custom:container-demuxer-webm: 4f35f7cbe854078d1ac9338744f61a02 -> 
  custom:container-demuxer-ogg: 62fdf1f143b41e24485cea50d1cbac27 -> 
  custom:video-encoder-webm-vp8: eb34c28f22e8b96e1ab97ce403110664 -> 
  custom:video-decoder-webm-vp8: 9c59270c3fd7afecdb556c50c9e8de78 -> 
  custom:audio-decoder-ogg-vorbis: bf7c407c2cedff20999df2af8eb42d56 -> 
  custom:audio-encoder-webm-vorbis: bf7c407c2cedff20999df2af8eb42d56 -> 
========================================================================
Received Import Request.
  path: Assets/Rain and Rgame/RyGameFolder/Script/BeatScroller.cs
  artifactKey: Guid(12a672062177bac4095d56e8d0bdb221) Importer(815301076,1909f56bfc062723c751e8b465ee728b)
Start importing Assets/Rain and Rgame/RyGameFolder/Script/BeatScroller.cs using Guid(12a672062177bac4095d56e8d0bdb221) Importer(815301076,1909f56bfc062723c751e8b465ee728b)  -> (artifact id: 'b37b4fcb13a25473eac605dc0d1a1695') in 0.120721 seconds 
  Import took 0.125988 seconds .

========================================================================
Received Import Request.
  Time since last request: 5.342753 seconds.
  path: Assets/Rain and Rgame/RyGameFolder
  artifactKey: Guid(164cdf6d786d5534494fd5dd2281a037) Importer(815301076,1909f56bfc062723c751e8b465ee728b)
Start importing Assets/Rain and Rgame/RyGameFolder using Guid(164cdf6d786d5534494fd5dd2281a037) Importer(815301076,1909f56bfc062723c751e8b465ee728b)  -> (artifact id: '5f7f10d1548e6b51b4a24472e854e604') in 0.012638 seconds 
  Import took 0.022961 seconds .

========================================================================
Received Import Request.
  Time since last request: 2.143577 seconds.
  path: Assets/Rain and Rgame/RyGameFolder/Script
  artifactKey: Guid(7bf87912b2fa61e4784e00067d96b611) Importer(815301076,1909f56bfc062723c751e8b465ee728b)
Start importing Assets/Rain and Rgame/RyGameFolder/Script using Guid(7bf87912b2fa61e4784e00067d96b611) Importer(815301076,1909f56bfc062723c751e8b465ee728b)  -> (artifact id: '3cb3a76ac988ce56c1b85fbdb648a0bd') in 0.015442 seconds 
  Import took 0.024564 seconds .

========================================================================
Received Import Request.
  Time since last request: 7.242976 seconds.
  path: Assets/Rain and Rgame/RyGameFolder/Image
  artifactKey: Guid(acf7d4ec286e0f34b94322e65995025b) Importer(815301076,1909f56bfc062723c751e8b465ee728b)
Start importing Assets/Rain and Rgame/RyGameFolder/Image using Guid(acf7d4ec286e0f34b94322e65995025b) Importer(815301076,1909f56bfc062723c751e8b465ee728b)  -> (artifact id: '282d2f6b8bbb591f6da3c0880046911a') in 0.012819 seconds 
  Import took 0.018753 seconds .

AssetImportWorkerClient::OnTransportError - code=2 error=End of file
